<?xml version="1.0" encoding="UTF-8"?>
<coverage generated="1593893814326" clover="3.2.0">
  <project timestamp="1593893814326" name="All files">
    <metrics statements="41" coveredstatements="41" conditionals="21" coveredconditionals="21" methods="10" coveredmethods="10" elements="72" coveredelements="72" complexity="0" loc="41" ncloc="41" packages="1" files="5" classes="5"/>
    <file name="getMinMax.js" path="D:\work\whs\unit-tests-hw\getMinMax.js">
      <metrics statements="6" coveredstatements="6" conditionals="0" coveredconditionals="0" methods="3" coveredmethods="3"/>
      <line num="20" count="10" type="stmt"/>
      <line num="22" count="7" type="stmt"/>
      <line num="23" count="26" type="stmt"/>
      <line num="24" count="26" type="stmt"/>
      <line num="26" count="7" type="stmt"/>
      <line num="29" count="1" type="stmt"/>
    </file>
    <file name="meanMode.js" path="D:\work\whs\unit-tests-hw\meanMode.js">
      <metrics statements="18" coveredstatements="18" conditionals="10" coveredconditionals="10" methods="2" coveredmethods="2"/>
      <line num="24" count="13" type="cond" truecount="2" falsecount="0"/>
      <line num="25" count="1" type="stmt"/>
      <line num="28" count="11" type="stmt"/>
      <line num="29" count="11" type="stmt"/>
      <line num="30" count="33" type="cond" truecount="2" falsecount="0"/>
      <line num="31" count="11" type="stmt"/>
      <line num="33" count="22" type="stmt"/>
      <line num="36" count="33" type="stmt"/>
      <line num="38" count="8" type="stmt"/>
      <line num="43" count="8" type="stmt"/>
      <line num="44" count="22" type="cond" truecount="2" falsecount="0"/>
      <line num="45" count="13" type="stmt"/>
      <line num="46" count="13" type="stmt"/>
      <line num="49" count="8" type="stmt"/>
      <line num="50" count="22" type="cond" truecount="4" falsecount="0"/>
      <line num="51" count="1" type="stmt"/>
      <line num="55" count="7" type="stmt"/>
      <line num="59" count="1" type="stmt"/>
    </file>
    <file name="passwordCheck.js" path="D:\work\whs\unit-tests-hw\passwordCheck.js">
      <metrics statements="6" coveredstatements="6" conditionals="5" coveredconditionals="5" methods="1" coveredmethods="1"/>
      <line num="23" count="10" type="stmt"/>
      <line num="24" count="10" type="stmt"/>
      <line num="25" count="10" type="stmt"/>
      <line num="26" count="10" type="stmt"/>
      <line num="28" count="10" type="cond" truecount="5" falsecount="0"/>
      <line num="31" count="1" type="stmt"/>
    </file>
    <file name="rle.js" path="D:\work\whs\unit-tests-hw\rle.js">
      <metrics statements="2" coveredstatements="2" conditionals="2" coveredconditionals="2" methods="2" coveredmethods="2"/>
      <line num="17" count="12" type="cond" truecount="2" falsecount="0"/>
      <line num="20" count="1" type="stmt"/>
    </file>
    <file name="sum.js" path="D:\work\whs\unit-tests-hw\sum.js">
      <metrics statements="9" coveredstatements="9" conditionals="4" coveredconditionals="4" methods="2" coveredmethods="2"/>
      <line num="15" count="6" type="cond" truecount="2" falsecount="0"/>
      <line num="16" count="2" type="stmt"/>
      <line num="19" count="4" type="stmt"/>
      <line num="22" count="5" type="cond" truecount="2" falsecount="0"/>
      <line num="23" count="3" type="stmt"/>
      <line num="26" count="2" type="stmt"/>
      <line num="28" count="2" type="stmt"/>
      <line num="31" count="4" type="stmt"/>
      <line num="35" count="1" type="stmt"/>
    </file>
  </project>
</coverage>
