TN:
SF:getMinMax.js
FN:19,getMinMax
FN:23,(anonymous_1)
FN:24,(anonymous_2)
FNF:3
FNH:3
FNDA:10,getMinMax
FNDA:26,(anonymous_1)
FNDA:26,(anonymous_2)
DA:20,10
DA:22,7
DA:23,26
DA:24,26
DA:26,7
DA:29,1
LF:6
LH:6
BRF:0
BRH:0
end_of_record
TN:
SF:meanMode.js
FN:23,meanMode
FN:29,(anonymous_1)
FNF:2
FNH:2
FNDA:13,meanMode
FNDA:33,(anonymous_1)
DA:24,13
DA:25,1
DA:28,11
DA:29,11
DA:30,33
DA:31,11
DA:33,22
DA:36,33
DA:38,8
DA:43,8
DA:44,22
DA:45,13
DA:46,13
DA:49,8
DA:50,22
DA:51,1
DA:55,7
DA:59,1
LF:18
LH:18
BRDA:24,0,0,1
BRDA:24,0,1,11
BRDA:30,1,0,11
BRDA:30,1,1,22
BRDA:44,2,0,13
BRDA:44,2,1,9
BRDA:50,3,0,1
BRDA:50,3,1,21
BRDA:50,4,0,22
BRDA:50,4,1,9
BRF:10
BRH:10
end_of_record
TN:
SF:passwordCheck.js
FN:22,passwordCheck
FNF:1
FNH:1
FNDA:10,passwordCheck
DA:23,10
DA:24,10
DA:25,10
DA:26,10
DA:28,10
DA:31,1
LF:6
LH:6
BRDA:28,0,0,10
BRDA:28,0,1,6
BRDA:28,0,2,5
BRDA:28,0,3,1
BRDA:28,0,4,1
BRF:5
BRH:5
end_of_record
TN:
SF:rle.js
FN:16,rle
FN:17,(anonymous_1)
FNF:2
FNH:2
FNDA:6,rle
FNDA:12,(anonymous_1)
DA:17,12
DA:20,1
LF:2
LH:2
BRDA:17,0,0,3
BRDA:17,0,1,9
BRF:2
BRH:2
end_of_record
TN:
SF:sum.js
FN:14,sum
FN:21,plus
FNF:2
FNH:2
FNDA:6,sum
FNDA:5,plus
DA:15,6
DA:16,2
DA:19,4
DA:22,5
DA:23,3
DA:26,2
DA:28,2
DA:31,4
DA:35,1
LF:9
LH:9
BRDA:15,0,0,2
BRDA:15,0,1,4
BRDA:22,1,0,3
BRDA:22,1,1,2
BRF:4
BRH:4
end_of_record
